FindMyFish/build/app/intermediates/manifest_merge_blame_file/debug/manifest-merger-blame-debug-report.txt
1<?xml version="1.0" encoding="utf-8"?>
2<manifest xmlns:android="http://schemas.android.com/apk/res/android"
3    package="com.example.findMyFishCindy"
4    android:versionCode="1"
5    android:versionName="1.0.0" >
6
7    <uses-sdk
8        android:minSdkVersion="20"
9        android:targetSdkVersion="30" />
10    <!--
11         Flutter needs it to communicate with the running application
12         to allow setting breakpoints, to provide hot reload, etc.
13    -->
14    <uses-permission android:name="android.permission.INTERNET" />
14-->src\main\AndroidManifest.xml:4:5-67
14-->src\main\AndroidManifest.xml:4:22-64
15    <uses-permission android:name="android.permission.ACCESS_FINE_LOCATION" />
15-->src\main\AndroidManifest.xml:5:5-79
15-->src\main\AndroidManifest.xml:5:22-76
16    <uses-permission android:name="android.permission.ACCESS_COARSE_LOCATION" />
16-->src\main\AndroidManifest.xml:6:5-81
16-->src\main\AndroidManifest.xml:6:22-78
17    <uses-permission android:name="android.permission.WAKE_LOCK" />
17-->[:firebase_messaging] AndroidManifest.xml:8:5-68
17-->[:firebase_messaging] AndroidManifest.xml:8:22-65
18    <uses-permission android:name="android.permission.ACCESS_NETWORK_STATE" />
18-->[:firebase_messaging] AndroidManifest.xml:9:5-79
18-->[:firebase_messaging] AndroidManifest.xml:9:22-76
19    <uses-permission android:name="android.permission.RECEIVE_BOOT_COMPLETED" />
19-->[:flutter_local_notifications] AndroidManifest.xml:7:5-81
19-->[:flutter_local_notifications] AndroidManifest.xml:7:22-78
20    <uses-permission android:name="android.permission.VIBRATE" />
20-->[:flutter_local_notifications] AndroidManifest.xml:8:5-66
20-->[:flutter_local_notifications] AndroidManifest.xml:8:22-63
21    <uses-permission android:name="android.permission.USE_FULL_SCREEN_INTENT" />
21-->[:flutter_local_notifications] AndroidManifest.xml:9:5-81
21-->[:flutter_local_notifications] AndroidManifest.xml:9:22-78
22    <uses-permission android:name="android.permission.SCHEDULE_EXACT_ALARM" /> <!-- Required by older versions of Google Play services to create IID tokens -->
22-->[:flutter_local_notifications] AndroidManifest.xml:10:5-79
22-->[:flutter_local_notifications] AndroidManifest.xml:10:22-76
23    <uses-permission android:name="com.google.android.c2dm.permission.RECEIVE" />
23-->[com.google.firebase:firebase-messaging:23.0.0] AndroidManifest.xml:25:5-82
23-->[com.google.firebase:firebase-messaging:23.0.0] AndroidManifest.xml:25:22-79
24
25    <uses-feature
25-->[com.google.android.gms:play-services-maps:17.0.0] AndroidManifest.xml:26:5-28:35
26        android:glEsVersion="0x00020000"
26-->[com.google.android.gms:play-services-maps:17.0.0] AndroidManifest.xml:27:9-41
27        android:required="true" />
27-->[com.google.android.gms:play-services-maps:17.0.0] AndroidManifest.xml:28:9-32
28
29    <uses-permission android:name="com.google.android.finsky.permission.BIND_GET_INSTALL_REFERRER_SERVICE" />
29-->[com.google.android.gms:play-services-measurement:20.0.0] AndroidManifest.xml:26:5-110
29-->[com.google.android.gms:play-services-measurement:20.0.0] AndroidManifest.xml:26:22-107
30
31    <application
31-->src\main\AndroidManifest.xml:8:5-47:19
32        android:name="androidx.multidex.MultiDexApplication"
33        android:appComponentFactory="androidx.core.app.CoreComponentFactory"
33-->[androidx.core:core:1.3.0] AndroidManifest.xml:24:18-86
34        android:debuggable="true"
35        android:icon="@mipmap/ic_launcher"
35-->src\main\AndroidManifest.xml:10:9-43
36        android:label="untitled" >
36-->src\main\AndroidManifest.xml:9:9-33
37        <meta-data
37-->src\main\AndroidManifest.xml:11:8-12:69
38            android:name="com.google.android.geo.API_KEY"
38-->src\main\AndroidManifest.xml:11:19-64
39            android:value="AIzaSyD7B2CgJbdXAZXuy3_5PKUwLgjcIccUXqo" />
39-->src\main\AndroidManifest.xml:12:12-67
40
41        <activity
41-->src\main\AndroidManifest.xml:13:9-41:20
42            android:name="com.example.untitled.MainActivity"
42-->src\main\AndroidManifest.xml:14:13-41
43            android:configChanges="orientation|keyboardHidden|keyboard|screenSize|smallestScreenSize|locale|layoutDirection|fontScale|screenLayout|density|uiMode"
43-->src\main\AndroidManifest.xml:17:13-163
44            android:hardwareAccelerated="true"
44-->src\main\AndroidManifest.xml:18:13-47
45            android:launchMode="singleTop"
45-->src\main\AndroidManifest.xml:15:13-43
46            android:theme="@style/LaunchTheme"
46-->src\main\AndroidManifest.xml:16:13-47
47            android:windowSoftInputMode="adjustResize" >
47-->src\main\AndroidManifest.xml:19:13-55
48
49            <!--
50                 Specifies an Android theme to apply to this Activity as soon as
51                 the Android process has started. This theme is visible to the user
52                 while the Flutter UI initializes. After that, this theme continues
53                 to determine the Window background behind the Flutter UI.
54            -->
55            <meta-data
55-->src\main\AndroidManifest.xml:24:13-27:17
56                android:name="io.flutter.embedding.android.NormalTheme"
56-->src\main\AndroidManifest.xml:25:15-70
57                android:resource="@style/NormalTheme" />
57-->src\main\AndroidManifest.xml:26:15-52
58            <!--
59                 Displays an Android View that continues showing the launch screen
60                 Drawable until Flutter paints its first frame, then this splash
61                 screen fades out. A splash screen is useful to avoid any visual
62                 gap between the end of Android's launch screen and the painting of
63                 Flutter's first frame.
64            -->
65            <meta-data
65-->src\main\AndroidManifest.xml:33:13-36:17
66                android:name="io.flutter.embedding.android.SplashScreenDrawable"
66-->src\main\AndroidManifest.xml:34:15-79
67                android:resource="@drawable/launch_background" />
67-->src\main\AndroidManifest.xml:35:15-61
68
69            <intent-filter>
69-->src\main\AndroidManifest.xml:37:13-40:29
70                <action android:name="android.intent.action.MAIN" />
70-->src\main\AndroidManifest.xml:38:17-68
70-->src\main\AndroidManifest.xml:38:25-66
71
72                <category android:name="android.intent.category.LAUNCHER" />
72-->src\main\AndroidManifest.xml:39:17-76
72-->src\main\AndroidManifest.xml:39:27-74
73            </intent-filter>
74        </activity>
75        <!--
76             Don't delete the meta-data below.
77             This is used by the Flutter tool to generate GeneratedPluginRegistrant.java
78        -->
79        <meta-data
79-->src\main\AndroidManifest.xml:44:9-46:33
80            android:name="flutterEmbedding"
80-->src\main\AndroidManifest.xml:45:13-44
81            android:value="2" />
81-->src\main\AndroidManifest.xml:46:13-30
82
83        <service
83-->[:cloud_firestore] AndroidManifest.xml:8:9-12:19
84            android:name="com.google.firebase.components.ComponentDiscoveryService"
84-->[:cloud_firestore] AndroidManifest.xml:8:18-89
85            android:directBootAware="true"
85-->[com.google.firebase:firebase-common:20.0.0] AndroidManifest.xml:35:13-43
86            android:exported="false" >
86-->[com.google.firebase:firebase-messaging:23.0.0] AndroidManifest.xml:51:13-37
87            <meta-data
87-->[:cloud_firestore] AndroidManifest.xml:9:13-11:85
88                android:name="com.google.firebase.components:io.flutter.plugins.firebase.firestore.FlutterFirebaseFirestoreRegistrar"
88-->[:cloud_firestore] AndroidManifest.xml:10:17-134
89                android:value="com.google.firebase.components.ComponentRegistrar" />
89-->[:cloud_firestore] AndroidManifest.xml:11:17-82
90            <meta-data
90-->[:firebase_messaging] AndroidManifest.xml:34:13-36:85
91                android:name="com.google.firebase.components:io.flutter.plugins.firebase.messaging.FlutterFirebaseAppRegistrar"
91-->[:firebase_messaging] AndroidManifest.xml:35:17-128
92                android:value="com.google.firebase.components.ComponentRegistrar" />
92-->[:firebase_messaging] AndroidManifest.xml:36:17-82
93            <meta-data
93-->[:firebase_core] AndroidManifest.xml:9:13-11:85
94                android:name="com.google.firebase.components:io.flutter.plugins.firebase.core.FlutterFirebaseCoreRegistrar"
94-->[:firebase_core] AndroidManifest.xml:10:17-124
95                android:value="com.google.firebase.components.ComponentRegistrar" />
95-->[:firebase_core] AndroidManifest.xml:11:17-82
96            <meta-data
96-->[com.google.firebase:firebase-messaging:23.0.0] AndroidManifest.xml:52:13-54:85
97                android:name="com.google.firebase.components:com.google.firebase.messaging.FirebaseMessagingRegistrar"
97-->[com.google.firebase:firebase-messaging:23.0.0] AndroidManifest.xml:53:17-119
98                android:value="com.google.firebase.components.ComponentRegistrar" />
98-->[com.google.firebase:firebase-messaging:23.0.0] AndroidManifest.xml:54:17-82
99            <meta-data
99-->[com.google.firebase:firebase-datatransport:18.0.0] AndroidManifest.xml:28:13-30:85
100                android:name="com.google.firebase.components:com.google.firebase.datatransport.TransportRegistrar"
100-->[com.google.firebase:firebase-datatransport:18.0.0] AndroidManifest.xml:29:17-115
101                android:value="com.google.firebase.components.ComponentRegistrar" />
101-->[com.google.firebase:firebase-datatransport:18.0.0] AndroidManifest.xml:30:17-82
102            <meta-data
102-->[com.google.firebase:firebase-firestore:24.0.0] AndroidManifest.xml:20:13-22:85
103                android:name="com.google.firebase.components:com.google.firebase.firestore.FirestoreRegistrar"
103-->[com.google.firebase:firebase-firestore:24.0.0] AndroidManifest.xml:21:17-111
104                android:value="com.google.firebase.components.ComponentRegistrar" />
104-->[com.google.firebase:firebase-firestore:24.0.0] AndroidManifest.xml:22:17-82
105            <meta-data
105-->[com.google.android.gms:play-services-measurement-api:20.0.0] AndroidManifest.xml:30:13-32:85
106                android:name="com.google.firebase.components:com.google.firebase.analytics.connector.internal.AnalyticsConnectorRegistrar"
106-->[com.google.android.gms:play-services-measurement-api:20.0.0] AndroidManifest.xml:31:17-139
107                android:value="com.google.firebase.components.ComponentRegistrar" />
107-->[com.google.android.gms:play-services-measurement-api:20.0.0] AndroidManifest.xml:32:17-82
108            <meta-data
108-->[com.google.firebase:firebase-installations:17.0.0] AndroidManifest.xml:18:13-20:85
109                android:name="com.google.firebase.components:com.google.firebase.installations.FirebaseInstallationsRegistrar"
109-->[com.google.firebase:firebase-installations:17.0.0] AndroidManifest.xml:19:17-127
110                android:value="com.google.firebase.components.ComponentRegistrar" />
110-->[com.google.firebase:firebase-installations:17.0.0] AndroidManifest.xml:20:17-82
111        </service>
112        <service
112-->[:firebase_messaging] AndroidManifest.xml:12:9-15:72
113            android:name="io.flutter.plugins.firebase.messaging.FlutterFirebaseMessagingBackgroundService"
113-->[:firebase_messaging] AndroidManifest.xml:13:13-107
114            android:exported="false"
114-->[:firebase_messaging] AndroidManifest.xml:14:13-37
115            android:permission="android.permission.BIND_JOB_SERVICE" />
115-->[:firebase_messaging] AndroidManifest.xml:15:13-69
116        <service
116-->[:firebase_messaging] AndroidManifest.xml:16:9-22:19
117            android:name="io.flutter.plugins.firebase.messaging.FlutterFirebaseMessagingService"
117-->[:firebase_messaging] AndroidManifest.xml:17:13-97
118            android:exported="false" >
118-->[:firebase_messaging] AndroidManifest.xml:18:13-37
119            <intent-filter>
119-->[:firebase_messaging] AndroidManifest.xml:19:13-21:29
120                <action android:name="com.google.firebase.MESSAGING_EVENT" />
120-->[:firebase_messaging] AndroidManifest.xml:20:17-78
120-->[:firebase_messaging] AndroidManifest.xml:20:25-75
121            </intent-filter>
122        </service>
123
124        <receiver
124-->[:firebase_messaging] AndroidManifest.xml:24:9-31:20
125            android:name="io.flutter.plugins.firebase.messaging.FlutterFirebaseMessagingReceiver"
125-->[:firebase_messaging] AndroidManifest.xml:25:13-98
126            android:exported="true"
126-->[:firebase_messaging] AndroidManifest.xml:26:13-36
127            android:permission="com.google.android.c2dm.permission.SEND" >
127-->[:firebase_messaging] AndroidManifest.xml:27:13-73
128            <intent-filter>
128-->[:firebase_messaging] AndroidManifest.xml:28:13-30:29
129                <action android:name="com.google.android.c2dm.intent.RECEIVE" />
129-->[:firebase_messaging] AndroidManifest.xml:29:17-81
129-->[:firebase_messaging] AndroidManifest.xml:29:25-78
130            </intent-filter>
131        </receiver>
132
133        <provider
133-->[:firebase_messaging] AndroidManifest.xml:39:9-43:38
134            android:name="io.flutter.plugins.firebase.messaging.FlutterFirebaseMessagingInitProvider"
134-->[:firebase_messaging] AndroidManifest.xml:40:13-102
135            android:authorities="com.example.findMyFishCindy.flutterfirebasemessaginginitprovider"
135-->[:firebase_messaging] AndroidManifest.xml:41:13-88
136            android:exported="false"
136-->[:firebase_messaging] AndroidManifest.xml:42:13-37
137            android:initOrder="99" />
137-->[:firebase_messaging] AndroidManifest.xml:43:13-35
138
139        <receiver
139-->[:flutter_local_notifications] AndroidManifest.xml:13:9-15:40
140            android:name="com.dexterous.flutterlocalnotifications.ScheduledNotificationReceiver"
140-->[:flutter_local_notifications] AndroidManifest.xml:14:13-97
141            android:exported="false" />
141-->[:flutter_local_notifications] AndroidManifest.xml:15:13-37
142        <receiver
142-->[:flutter_local_notifications] AndroidManifest.xml:16:9-25:20
143            android:name="com.dexterous.flutterlocalnotifications.ScheduledNotificationBootReceiver"
143-->[:flutter_local_notifications] AndroidManifest.xml:17:13-101
144            android:exported="false" >
144-->[:flutter_local_notifications] AndroidManifest.xml:18:13-37
145            <intent-filter>
145-->[:flutter_local_notifications] AndroidManifest.xml:19:13-24:29
146                <action android:name="android.intent.action.BOOT_COMPLETED" />
146-->[:flutter_local_notifications] AndroidManifest.xml:20:17-79
146-->[:flutter_local_notifications] AndroidManifest.xml:20:25-76
147                <action android:name="android.intent.action.MY_PACKAGE_REPLACED" />
147-->[:flutter_local_notifications] AndroidManifest.xml:21:17-84
147-->[:flutter_local_notifications] AndroidManifest.xml:21:25-81
148                <action android:name="android.intent.action.QUICKBOOT_POWERON" />
148-->[:flutter_local_notifications] AndroidManifest.xml:22:17-82
148-->[:flutter_local_notifications] AndroidManifest.xml:22:25-79
149                <action android:name="com.htc.intent.action.QUICKBOOT_POWERON" />
149-->[:flutter_local_notifications] AndroidManifest.xml:23:17-82
149-->[:flutter_local_notifications] AndroidManifest.xml:23:25-79
150            </intent-filter>
151        </receiver>
152        <receiver
152-->[com.google.firebase:firebase-messaging:23.0.0] AndroidManifest.xml:28:9-35:20
153            android:name="com.google.firebase.iid.FirebaseInstanceIdReceiver"
153-->[com.google.firebase:firebase-messaging:23.0.0] AndroidManifest.xml:29:13-78
154            android:exported="true"
154-->[com.google.firebase:firebase-messaging:23.0.0] AndroidManifest.xml:30:13-36
155            android:permission="com.google.android.c2dm.permission.SEND" >
155-->[com.google.firebase:firebase-messaging:23.0.0] AndroidManifest.xml:31:13-73
156            <intent-filter>
156-->[:firebase_messaging] AndroidManifest.xml:28:13-30:29
157                <action android:name="com.google.android.c2dm.intent.RECEIVE" />
157-->[:firebase_messaging] AndroidManifest.xml:29:17-81
157-->[:firebase_messaging] AndroidManifest.xml:29:25-78
158            </intent-filter>
159        </receiver>
160        <!--
161             FirebaseMessagingService performs security checks at runtime,
162             but set to not exported to explicitly avoid allowing another app to call it.
163        -->
164        <service
164-->[com.google.firebase:firebase-messaging:23.0.0] AndroidManifest.xml:41:9-48:19
165            android:name="com.google.firebase.messaging.FirebaseMessagingService"
165-->[com.google.firebase:firebase-messaging:23.0.0] AndroidManifest.xml:42:13-82
166            android:directBootAware="true"
166-->[com.google.firebase:firebase-messaging:23.0.0] AndroidManifest.xml:43:13-43
167            android:exported="false" >
167-->[com.google.firebase:firebase-messaging:23.0.0] AndroidManifest.xml:44:13-37
168            <intent-filter android:priority="-500" >
168-->[:firebase_messaging] AndroidManifest.xml:19:13-21:29
169                <action android:name="com.google.firebase.MESSAGING_EVENT" />
169-->[:firebase_messaging] AndroidManifest.xml:20:17-78
169-->[:firebase_messaging] AndroidManifest.xml:20:25-75
170            </intent-filter>
171        </service>
172        <service
172-->[com.google.android.datatransport:transport-backend-cct:3.0.0] AndroidManifest.xml:29:9-35:19
173            android:name="com.google.android.datatransport.runtime.backends.TransportBackendDiscovery"
173-->[com.google.android.datatransport:transport-backend-cct:3.0.0] AndroidManifest.xml:30:13-103
174            android:exported="false" >
174-->[com.google.android.datatransport:transport-backend-cct:3.0.0] AndroidManifest.xml:31:13-37
175            <meta-data
175-->[com.google.android.datatransport:transport-backend-cct:3.0.0] AndroidManifest.xml:32:13-34:39
176                android:name="backend:com.google.android.datatransport.cct.CctBackendFactory"
176-->[com.google.android.datatransport:transport-backend-cct:3.0.0] AndroidManifest.xml:33:17-94
177                android:value="cct" />
177-->[com.google.android.datatransport:transport-backend-cct:3.0.0] AndroidManifest.xml:34:17-36
178        </service>
179
180        <provider
180-->[com.google.firebase:firebase-common:20.0.0] AndroidManifest.xml:26:9-31:39
181            android:name="com.google.firebase.provider.FirebaseInitProvider"
181-->[com.google.firebase:firebase-common:20.0.0] AndroidManifest.xml:27:13-77
182            android:authorities="com.example.findMyFishCindy.firebaseinitprovider"
182-->[com.google.firebase:firebase-common:20.0.0] AndroidManifest.xml:28:13-72
183            android:directBootAware="true"
183-->[com.google.firebase:firebase-common:20.0.0] AndroidManifest.xml:29:13-43
184            android:exported="false"
184-->[com.google.firebase:firebase-common:20.0.0] AndroidManifest.xml:30:13-37
185            android:initOrder="100" /> <!-- Needs to be explicitly declared on P+ -->
185-->[com.google.firebase:firebase-common:20.0.0] AndroidManifest.xml:31:13-36
186        <uses-library
186-->[com.google.android.gms:play-services-maps:17.0.0] AndroidManifest.xml:33:9-35:40
187            android:name="org.apache.http.legacy"
187-->[com.google.android.gms:play-services-maps:17.0.0] AndroidManifest.xml:34:13-50
188            android:required="false" />
188-->[com.google.android.gms:play-services-maps:17.0.0] AndroidManifest.xml:35:13-37
189
190        <receiver
190-->[com.google.android.gms:play-services-measurement:20.0.0] AndroidManifest.xml:29:9-33:20
191            android:name="com.google.android.gms.measurement.AppMeasurementReceiver"
191-->[com.google.android.gms:play-services-measurement:20.0.0] AndroidManifest.xml:30:13-85
192            android:enabled="true"
192-->[com.google.android.gms:play-services-measurement:20.0.0] AndroidManifest.xml:31:13-35
193            android:exported="false" >
193-->[com.google.android.gms:play-services-measurement:20.0.0] AndroidManifest.xml:32:13-37
194        </receiver>
195
196        <service
196-->[com.google.android.gms:play-services-measurement:20.0.0] AndroidManifest.xml:35:9-38:40
197            android:name="com.google.android.gms.measurement.AppMeasurementService"
197-->[com.google.android.gms:play-services-measurement:20.0.0] AndroidManifest.xml:36:13-84
198            android:enabled="true"
198-->[com.google.android.gms:play-services-measurement:20.0.0] AndroidManifest.xml:37:13-35
199            android:exported="false" />
199-->[com.google.android.gms:play-services-measurement:20.0.0] AndroidManifest.xml:38:13-37
200        <service
200-->[com.google.android.gms:play-services-measurement:20.0.0] AndroidManifest.xml:39:9-43:72
201            android:name="com.google.android.gms.measurement.AppMeasurementJobService"
201-->[com.google.android.gms:play-services-measurement:20.0.0] AndroidManifest.xml:40:13-87
202            android:enabled="true"
202-->[com.google.android.gms:play-services-measurement:20.0.0] AndroidManifest.xml:41:13-35
203            android:exported="false"
203-->[com.google.android.gms:play-services-measurement:20.0.0] AndroidManifest.xml:42:13-37
204            android:permission="android.permission.BIND_JOB_SERVICE" />
204-->[com.google.android.gms:play-services-measurement:20.0.0] AndroidManifest.xml:43:13-69
205
206        <activity
206-->[com.google.android.gms:play-services-base:17.1.0] AndroidManifest.xml:23:9-26:75
207            android:name="com.google.android.gms.common.api.GoogleApiActivity"
207-->[com.google.android.gms:play-services-base:17.1.0] AndroidManifest.xml:24:13-79
208            android:exported="false"
208-->[com.google.android.gms:play-services-base:17.1.0] AndroidManifest.xml:25:13-37
209            android:theme="@android:style/Theme.Translucent.NoTitleBar" />
209-->[com.google.android.gms:play-services-base:17.1.0] AndroidManifest.xml:26:13-72
210
211        <meta-data
211-->[com.google.android.gms:play-services-basement:17.0.0] AndroidManifest.xml:23:9-25:69
212            android:name="com.google.android.gms.version"
212-->[com.google.android.gms:play-services-basement:17.0.0] AndroidManifest.xml:24:13-58
213            android:value="@integer/google_play_services_version" />
213-->[com.google.android.gms:play-services-basement:17.0.0] AndroidManifest.xml:25:13-66
214
215        <service
215-->[com.google.android.datatransport:transport-runtime:3.0.0] AndroidManifest.xml:26:9-30:19
216            android:name="com.google.android.datatransport.runtime.scheduling.jobscheduling.JobInfoSchedulerService"
216-->[com.google.android.datatransport:transport-runtime:3.0.0] AndroidManifest.xml:27:13-117
217            android:exported="false"
217-->[com.google.android.datatransport:transport-runtime:3.0.0] AndroidManifest.xml:28:13-37
218            android:permission="android.permission.BIND_JOB_SERVICE" >
218-->[com.google.android.datatransport:transport-runtime:3.0.0] AndroidManifest.xml:29:13-69
219        </service>
220
221        <receiver
221-->[com.google.android.datatransport:transport-runtime:3.0.0] AndroidManifest.xml:32:9-34:40
222            android:name="com.google.android.datatransport.runtime.scheduling.jobscheduling.AlarmManagerSchedulerBroadcastReceiver"
222-->[com.google.android.datatransport:transport-runtime:3.0.0] AndroidManifest.xml:33:13-132
223            android:exported="false" />
223-->[com.google.android.datatransport:transport-runtime:3.0.0] AndroidManifest.xml:34:13-37
224    </application>
225
226</manifest>